# JRE version: OpenJDK Runtime Environment AdoptOpenJDK (11.0.9+11) (build 11.0.9+11)
# Java VM: OpenJDK 64-Bit Server VM AdoptOpenJDK (11.0.9+11, mixed mode, tiered, compressed oops, g1 gc, bsd-amd64)
Heap:
 garbage-first heap   total 189440K, used 122841K [0x0000000780000000, 0x0000000800000000)
  region size 1024K, 94 young (96256K), 7 survivors (7168K)
 Metaspace       used 61560K, capacity 63349K, committed 63440K, reserved 1103872K
  class space    used 7820K, capacity 8553K, committed 8576K, reserved 1048576K
GC Heap History (20 events):
Event: 1.218 GC heap after
{Heap after GC invocations=3 (full 0):
 garbage-first heap   total 131072K, used 8801K [0x0000000780000000, 0x0000000800000000)
  region size 1024K, 6 young (6144K), 6 survivors (6144K)
 Metaspace       used 20623K, capacity 21205K, committed 21296K, reserved 1069056K
  class space    used 2183K, capacity 2406K, committed 2432K, reserved 1048576K
}
Event: 1.575 GC heap before
{Heap before GC invocations=4 (full 0):
 garbage-first heap   total 131072K, used 79457K [0x0000000780000000, 0x0000000800000000)
  region size 1024K, 76 young (77824K), 6 survivors (6144K)
 Metaspace       used 27235K, capacity 28106K, committed 28208K, reserved 1075200K
  class space    used 3119K, capacity 3446K, committed 3456K, reserved 1048576K
}
Event: 1.581 GC heap after
{Heap after GC invocations=5 (full 0):
 garbage-first heap   total 131072K, used 10669K [0x0000000780000000, 0x0000000800000000)
  region size 1024K, 8 young (8192K), 8 survivors (8192K)
 Metaspace       used 27235K, capacity 28106K, committed 28208K, reserved 1075200K
  class space    used 3119K, capacity 3446K, committed 3456K, reserved 1048576K
}
Event: 1.799 GC heap before
{Heap before GC invocations=5 (full 0):
 garbage-first heap   total 131072K, used 79277K [0x0000000780000000, 0x0000000800000000)
  region size 1024K, 76 young (77824K), 8 survivors (8192K)
 Metaspace       used 31822K, capacity 32698K, committed 32944K, reserved 1079296K
  class space    used 3694K, capacity 4019K, committed 4096K, reserved 1048576K
}
Event: 1.805 GC heap after
{Heap after GC invocations=6 (full 0):
 garbage-first heap   total 157696K, used 12935K [0x0000000780000000, 0x0000000800000000)
  region size 1024K, 7 young (7168K), 7 survivors (7168K)
 Metaspace       used 31822K, capacity 32698K, committed 32944K, reserved 1079296K
  class space    used 3694K, capacity 4019K, committed 4096K, reserved 1048576K
}
Event: 2.002 GC heap before
{Heap before GC invocations=6 (full 0):
 garbage-first heap   total 157696K, used 64135K [0x0000000780000000, 0x0000000800000000)
  region size 1024K, 58 young (59392K), 7 survivors (7168K)
 Metaspace       used 34800K, capacity 35813K, committed 35920K, reserved 1081344K
  class space    used 4100K, capacity 4523K, committed 4608K, reserved 1048576K
}
Event: 2.011 GC heap after
{Heap after GC invocations=7 (full 0):
 garbage-first heap   total 157696K, used 13012K [0x0000000780000000, 0x0000000800000000)
  region size 1024K, 5 young (5120K), 5 survivors (5120K)
 Metaspace       used 34800K, capacity 35813K, committed 35920K, reserved 1081344K
  class space    used 4100K, capacity 4523K, committed 4608K, reserved 1048576K
}
Event: 2.830 GC heap before
{Heap before GC invocations=8 (full 0):
 garbage-first heap   total 157696K, used 102100K [0x0000000780000000, 0x0000000800000000)
  region size 1024K, 92 young (94208K), 5 survivors (5120K)
 Metaspace       used 40949K, capacity 42041K, committed 42192K, reserved 1085440K
  class space    used 5013K, capacity 5458K, committed 5504K, reserved 1048576K
}
Event: 2.836 GC heap after
{Heap after GC invocations=9 (full 0):
 garbage-first heap   total 157696K, used 15081K [0x0000000780000000, 0x0000000800000000)
  region size 1024K, 7 young (7168K), 7 survivors (7168K)
 Metaspace       used 40949K, capacity 42041K, committed 42192K, reserved 1085440K
  class space    used 5013K, capacity 5458K, committed 5504K, reserved 1048576K
}
Event: 3.451 GC heap before
{Heap before GC invocations=9 (full 0):
 garbage-first heap   total 157696K, used 102121K [0x0000000780000000, 0x0000000800000000)
  region size 1024K, 92 young (94208K), 7 survivors (7168K)
 Metaspace       used 46084K, capacity 47340K, committed 47440K, reserved 1091584K
  class space    used 5897K, capacity 6385K, committed 6400K, reserved 1048576K
}
Event: 3.457 GC heap after
{Heap after GC invocations=10 (full 0):
 garbage-first heap   total 157696K, used 17373K [0x0000000780000000, 0x0000000800000000)
  region size 1024K, 7 young (7168K), 7 survivors (7168K)
 Metaspace       used 46084K, capacity 47340K, committed 47440K, reserved 1091584K
  class space    used 5897K, capacity 6385K, committed 6400K, reserved 1048576K
}
Event: 4.008 GC heap before
{Heap before GC invocations=10 (full 0):
 garbage-first heap   total 157696K, used 105437K [0x0000000780000000, 0x0000000800000000)
  region size 1024K, 92 young (94208K), 7 survivors (7168K)
 Metaspace       used 53268K, capacity 54645K, committed 54992K, reserved 1097728K
  class space    used 6744K, capacity 7275K, committed 7296K, reserved 1048576K
}
Event: 4.016 GC heap after
{Heap after GC invocations=11 (full 0):
 garbage-first heap   total 189440K, used 23239K [0x0000000780000000, 0x0000000800000000)
  region size 1024K, 12 young (12288K), 12 survivors (12288K)
 Metaspace       used 53268K, capacity 54645K, committed 54992K, reserved 1097728K
  class space    used 6744K, capacity 7275K, committed 7296K, reserved 1048576K
}
Event: 4.545 GC heap before
{Heap before GC invocations=11 (full 0):
 garbage-first heap   total 189440K, used 124615K [0x0000000780000000, 0x0000000800000000)
  region size 1024K, 111 young (113664K), 12 survivors (12288K)
 Metaspace       used 57139K, capacity 58695K, committed 58960K, reserved 1099776K
  class space    used 7261K, capacity 7874K, committed 7936K, reserved 1048576K
}
Event: 4.555 GC heap after
{Heap after GC invocations=12 (full 0):
 garbage-first heap   total 189440K, used 29021K [0x0000000780000000, 0x0000000800000000)
  region size 1024K, 12 young (12288K), 12 survivors (12288K)
 Metaspace       used 57139K, capacity 58695K, committed 58960K, reserved 1099776K
  class space    used 7261K, capacity 7874K, committed 7936K, reserved 1048576K
}
Event: 4.714 GC heap before
{Heap before GC invocations=12 (full 0):
 garbage-first heap   total 189440K, used 57693K [0x0000000780000000, 0x0000000800000000)
  region size 1024K, 41 young (41984K), 12 survivors (12288K)
 Metaspace       used 58490K, capacity 60078K, committed 60240K, reserved 1101824K
  class space    used 7450K, capacity 8077K, committed 8192K, reserved 1048576K
}
Event: 4.724 GC heap after
{Heap after GC invocations=13 (full 0):
 garbage-first heap   total 189440K, used 30793K [0x0000000780000000, 0x0000000800000000)
  region size 1024K, 8 young (8192K), 8 survivors (8192K)
 Metaspace       used 58490K, capacity 60078K, committed 60240K, reserved 1101824K
  class space    used 7450K, capacity 8077K, committed 8192K, reserved 1048576K
}
Event: 1790.855 GC heap before
{Heap before GC invocations=14 (full 0):
 garbage-first heap   total 189440K, used 116809K [0x0000000780000000, 0x0000000800000000)
  region size 1024K, 92 young (94208K), 8 survivors (8192K)
 Metaspace       used 61111K, capacity 62868K, committed 62928K, reserved 1103872K
  class space    used 7814K, capacity 8521K, committed 8576K, reserved 1048576K
}
Event: 1790.888 GC heap after
{Heap after GC invocations=15 (full 0):
 garbage-first heap   total 189440K, used 33753K [0x0000000780000000, 0x0000000800000000)
  region size 1024K, 6 young (6144K), 6 survivors (6144K)
 Metaspace       used 61111K, capacity 62868K, committed 62928K, reserved 1103872K
  class space    used 7814K, capacity 8521K, committed 8576K, reserved 1048576K
}
Event: 8365.096 GC heap before
{Heap before GC invocations=15 (full 0):
 garbage-first heap   total 189440K, used 121817K [0x0000000780000000, 0x0000000800000000)
  region size 1024K, 93 young (95232K), 6 survivors (6144K)
 Metaspace       used 61560K, capacity 63349K, committed 63440K, reserved 1103872K
  class space    used 7820K, capacity 8553K, committed 8576K, reserved 1048576K
}

