# JRE version: OpenJDK Runtime Environment AdoptOpenJDK (11.0.9+11) (build 11.0.9+11)
# Java VM: OpenJDK 64-Bit Server VM AdoptOpenJDK (11.0.9+11, mixed mode, tiered, compressed oops, g1 gc, bsd-amd64)
Heap:
 garbage-first heap   total 189440K, used 136943K [0x0000000780000000, 0x0000000800000000)
  region size 1024K, 106 young (108544K), 3 survivors (3072K)
 Metaspace       used 61647K, capacity 63484K, committed 63824K, reserved 1103872K
  class space    used 7871K, capacity 8599K, committed 8704K, reserved 1048576K
GC Heap History (20 events):
Event: 1.131 GC heap after
{Heap after GC invocations=2 (full 0):
 garbage-first heap   total 131072K, used 8630K [0x0000000780000000, 0x0000000800000000)
  region size 1024K, 6 young (6144K), 6 survivors (6144K)
 Metaspace       used 20265K, capacity 20926K, committed 21120K, reserved 1069056K
  class space    used 2131K, capacity 2354K, committed 2432K, reserved 1048576K
}
Event: 1.158 GC heap before
{Heap before GC invocations=2 (full 0):
 garbage-first heap   total 131072K, used 12726K [0x0000000780000000, 0x0000000800000000)
  region size 1024K, 11 young (11264K), 6 survivors (6144K)
 Metaspace       used 20588K, capacity 21205K, committed 21296K, reserved 1069056K
  class space    used 2180K, capacity 2406K, committed 2432K, reserved 1048576K
}
Event: 1.164 GC heap after
{Heap after GC invocations=3 (full 0):
 garbage-first heap   total 131072K, used 8955K [0x0000000780000000, 0x0000000800000000)
  region size 1024K, 3 young (3072K), 3 survivors (3072K)
 Metaspace       used 20588K, capacity 21205K, committed 21296K, reserved 1069056K
  class space    used 2180K, capacity 2406K, committed 2432K, reserved 1048576K
}
Event: 1.518 GC heap before
{Heap before GC invocations=4 (full 0):
 garbage-first heap   total 131072K, used 81659K [0x0000000780000000, 0x0000000800000000)
  region size 1024K, 74 young (75776K), 3 survivors (3072K)
 Metaspace       used 27331K, capacity 28172K, committed 28208K, reserved 1075200K
  class space    used 3130K, capacity 3446K, committed 3456K, reserved 1048576K
}
Event: 1.521 GC heap after
{Heap after GC invocations=5 (full 0):
 garbage-first heap   total 131072K, used 10786K [0x0000000780000000, 0x0000000800000000)
  region size 1024K, 5 young (5120K), 5 survivors (5120K)
 Metaspace       used 27331K, capacity 28172K, committed 28208K, reserved 1075200K
  class space    used 3130K, capacity 3446K, committed 3456K, reserved 1048576K
}
Event: 1.736 GC heap before
{Heap before GC invocations=5 (full 0):
 garbage-first heap   total 131072K, used 82466K [0x0000000780000000, 0x0000000800000000)
  region size 1024K, 76 young (77824K), 5 survivors (5120K)
 Metaspace       used 32104K, capacity 32990K, committed 33200K, reserved 1079296K
  class space    used 3716K, capacity 4052K, committed 4096K, reserved 1048576K
}
Event: 1.741 GC heap after
{Heap after GC invocations=6 (full 0):
 garbage-first heap   total 157696K, used 13176K [0x0000000780000000, 0x0000000800000000)
  region size 1024K, 7 young (7168K), 7 survivors (7168K)
 Metaspace       used 32104K, capacity 32990K, committed 33200K, reserved 1079296K
  class space    used 3716K, capacity 4052K, committed 4096K, reserved 1048576K
}
Event: 1.913 GC heap before
{Heap before GC invocations=6 (full 0):
 garbage-first heap   total 157696K, used 59256K [0x0000000780000000, 0x0000000800000000)
  region size 1024K, 53 young (54272K), 7 survivors (7168K)
 Metaspace       used 34741K, capacity 35745K, committed 35920K, reserved 1081344K
  class space    used 4095K, capacity 4522K, committed 4608K, reserved 1048576K
}
Event: 1.919 GC heap after
{Heap after GC invocations=7 (full 0):
 garbage-first heap   total 157696K, used 13353K [0x0000000780000000, 0x0000000800000000)
  region size 1024K, 5 young (5120K), 5 survivors (5120K)
 Metaspace       used 34741K, capacity 35745K, committed 35920K, reserved 1081344K
  class space    used 4095K, capacity 4522K, committed 4608K, reserved 1048576K
}
Event: 2.717 GC heap before
{Heap before GC invocations=8 (full 0):
 garbage-first heap   total 157696K, used 101417K [0x0000000780000000, 0x0000000800000000)
  region size 1024K, 91 young (93184K), 5 survivors (5120K)
 Metaspace       used 40875K, capacity 41943K, committed 42192K, reserved 1085440K
  class space    used 4996K, capacity 5426K, committed 5504K, reserved 1048576K
}
Event: 2.722 GC heap after
{Heap after GC invocations=9 (full 0):
 garbage-first heap   total 157696K, used 15216K [0x0000000780000000, 0x0000000800000000)
  region size 1024K, 7 young (7168K), 7 survivors (7168K)
 Metaspace       used 40875K, capacity 41943K, committed 42192K, reserved 1085440K
  class space    used 4996K, capacity 5426K, committed 5504K, reserved 1048576K
}
Event: 3.323 GC heap before
{Heap before GC invocations=9 (full 0):
 garbage-first heap   total 157696K, used 102256K [0x0000000780000000, 0x0000000800000000)
  region size 1024K, 92 young (94208K), 7 survivors (7168K)
 Metaspace       used 46067K, capacity 47339K, committed 47440K, reserved 1091584K
  class space    used 5898K, capacity 6385K, committed 6400K, reserved 1048576K
}
Event: 3.331 GC heap after
{Heap after GC invocations=10 (full 0):
 garbage-first heap   total 157696K, used 17429K [0x0000000780000000, 0x0000000800000000)
  region size 1024K, 7 young (7168K), 7 survivors (7168K)
 Metaspace       used 46067K, capacity 47339K, committed 47440K, reserved 1091584K
  class space    used 5898K, capacity 6385K, committed 6400K, reserved 1048576K
}
Event: 3.879 GC heap before
{Heap before GC invocations=10 (full 0):
 garbage-first heap   total 157696K, used 104469K [0x0000000780000000, 0x0000000800000000)
  region size 1024K, 92 young (94208K), 7 survivors (7168K)
 Metaspace       used 53298K, capacity 54643K, committed 54736K, reserved 1097728K
  class space    used 6734K, capacity 7275K, committed 7296K, reserved 1048576K
}
Event: 3.887 GC heap after
{Heap after GC invocations=11 (full 0):
 garbage-first heap   total 189440K, used 23705K [0x0000000780000000, 0x0000000800000000)
  region size 1024K, 12 young (12288K), 12 survivors (12288K)
 Metaspace       used 53298K, capacity 54643K, committed 54736K, reserved 1097728K
  class space    used 6734K, capacity 7275K, committed 7296K, reserved 1048576K
}
Event: 4.398 GC heap before
{Heap before GC invocations=11 (full 0):
 garbage-first heap   total 189440K, used 125081K [0x0000000780000000, 0x0000000800000000)
  region size 1024K, 111 young (113664K), 12 survivors (12288K)
 Metaspace       used 57187K, capacity 58757K, committed 58960K, reserved 1099776K
  class space    used 7266K, capacity 7874K, committed 7936K, reserved 1048576K
}
Event: 4.411 GC heap after
{Heap after GC invocations=12 (full 0):
 garbage-first heap   total 189440K, used 29489K [0x0000000780000000, 0x0000000800000000)
  region size 1024K, 13 young (13312K), 13 survivors (13312K)
 Metaspace       used 57187K, capacity 58757K, committed 58960K, reserved 1099776K
  class space    used 7266K, capacity 7874K, committed 7936K, reserved 1048576K
}
Event: 4.573 GC heap before
{Heap before GC invocations=12 (full 0):
 garbage-first heap   total 189440K, used 57137K [0x0000000780000000, 0x0000000800000000)
  region size 1024K, 41 young (41984K), 13 survivors (13312K)
 Metaspace       used 58515K, capacity 60079K, committed 60240K, reserved 1101824K
  class space    used 7449K, capacity 8078K, committed 8192K, reserved 1048576K
}
Event: 4.584 GC heap after
{Heap after GC invocations=13 (full 0):
 garbage-first heap   total 189440K, used 31471K [0x0000000780000000, 0x0000000800000000)
  region size 1024K, 8 young (8192K), 8 survivors (8192K)
 Metaspace       used 58515K, capacity 60079K, committed 60240K, reserved 1101824K
  class space    used 7449K, capacity 8078K, committed 8192K, reserved 1048576K
}
Event: 3557.142 GC heap before
{Heap before GC invocations=14 (full 0):
 garbage-first heap   total 189440K, used 136943K [0x0000000780000000, 0x0000000800000000)
  region size 1024K, 111 young (113664K), 8 survivors (8192K)
 Metaspace       used 61647K, capacity 63484K, committed 63824K, reserved 1103872K
  class space    used 7871K, capacity 8599K, committed 8704K, reserved 1048576K
}

