# JRE version: OpenJDK Runtime Environment AdoptOpenJDK (11.0.9+11) (build 11.0.9+11)
# Java VM: OpenJDK 64-Bit Server VM AdoptOpenJDK (11.0.9+11, mixed mode, tiered, compressed oops, g1 gc, bsd-amd64)
Heap:
 garbage-first heap   total 189440K, used 137147K [0x0000000780000000, 0x0000000800000000)
  region size 1024K, 112 young (114688K), 9 survivors (9216K)
 Metaspace       used 61218K, capacity 62999K, committed 63184K, reserved 1103872K
  class space    used 7815K, capacity 8521K, committed 8576K, reserved 1048576K
GC Heap History (20 events):
Event: 1.160 GC heap after
{Heap after GC invocations=2 (full 0):
 garbage-first heap   total 131072K, used 8859K [0x0000000780000000, 0x0000000800000000)
  region size 1024K, 6 young (6144K), 6 survivors (6144K)
 Metaspace       used 20305K, capacity 20930K, committed 21120K, reserved 1069056K
  class space    used 2134K, capacity 2354K, committed 2432K, reserved 1048576K
}
Event: 1.183 GC heap before
{Heap before GC invocations=2 (full 0):
 garbage-first heap   total 131072K, used 11931K [0x0000000780000000, 0x0000000800000000)
  region size 1024K, 10 young (10240K), 6 survivors (6144K)
 Metaspace       used 20570K, capacity 21209K, committed 21296K, reserved 1069056K
  class space    used 2172K, capacity 2406K, committed 2432K, reserved 1048576K
}
Event: 1.188 GC heap after
{Heap after GC invocations=3 (full 0):
 garbage-first heap   total 131072K, used 8953K [0x0000000780000000, 0x0000000800000000)
  region size 1024K, 3 young (3072K), 3 survivors (3072K)
 Metaspace       used 20570K, capacity 21209K, committed 21296K, reserved 1069056K
  class space    used 2172K, capacity 2406K, committed 2432K, reserved 1048576K
}
Event: 1.552 GC heap before
{Heap before GC invocations=4 (full 0):
 garbage-first heap   total 131072K, used 77561K [0x0000000780000000, 0x0000000800000000)
  region size 1024K, 70 young (71680K), 3 survivors (3072K)
 Metaspace       used 26775K, capacity 27610K, committed 27952K, reserved 1073152K
  class space    used 3047K, capacity 3344K, committed 3456K, reserved 1048576K
}
Event: 1.555 GC heap after
{Heap after GC invocations=5 (full 0):
 garbage-first heap   total 131072K, used 10883K [0x0000000780000000, 0x0000000800000000)
  region size 1024K, 5 young (5120K), 5 survivors (5120K)
 Metaspace       used 26775K, capacity 27610K, committed 27952K, reserved 1073152K
  class space    used 3047K, capacity 3344K, committed 3456K, reserved 1048576K
}
Event: 1.802 GC heap before
{Heap before GC invocations=5 (full 0):
 garbage-first heap   total 131072K, used 82563K [0x0000000780000000, 0x0000000800000000)
  region size 1024K, 76 young (77824K), 5 survivors (5120K)
 Metaspace       used 31805K, capacity 32702K, committed 32944K, reserved 1079296K
  class space    used 3690K, capacity 4019K, committed 4096K, reserved 1048576K
}
Event: 1.807 GC heap after
{Heap after GC invocations=6 (full 0):
 garbage-first heap   total 157696K, used 13012K [0x0000000780000000, 0x0000000800000000)
  region size 1024K, 7 young (7168K), 7 survivors (7168K)
 Metaspace       used 31805K, capacity 32702K, committed 32944K, reserved 1079296K
  class space    used 3690K, capacity 4019K, committed 4096K, reserved 1048576K
}
Event: 1.994 GC heap before
{Heap before GC invocations=6 (full 0):
 garbage-first heap   total 157696K, used 64212K [0x0000000780000000, 0x0000000800000000)
  region size 1024K, 58 young (59392K), 7 survivors (7168K)
 Metaspace       used 34704K, capacity 35727K, committed 35920K, reserved 1081344K
  class space    used 4083K, capacity 4513K, committed 4608K, reserved 1048576K
}
Event: 2.002 GC heap after
{Heap after GC invocations=7 (full 0):
 garbage-first heap   total 157696K, used 13862K [0x0000000780000000, 0x0000000800000000)
  region size 1024K, 6 young (6144K), 6 survivors (6144K)
 Metaspace       used 34704K, capacity 35727K, committed 35920K, reserved 1081344K
  class space    used 4083K, capacity 4513K, committed 4608K, reserved 1048576K
}
Event: 2.822 GC heap before
{Heap before GC invocations=8 (full 0):
 garbage-first heap   total 157696K, used 99878K [0x0000000780000000, 0x0000000800000000)
  region size 1024K, 90 young (92160K), 6 survivors (6144K)
 Metaspace       used 40777K, capacity 41919K, committed 42192K, reserved 1085440K
  class space    used 4967K, capacity 5394K, committed 5504K, reserved 1048576K
}
Event: 2.828 GC heap after
{Heap after GC invocations=9 (full 0):
 garbage-first heap   total 157696K, used 15387K [0x0000000780000000, 0x0000000800000000)
  region size 1024K, 7 young (7168K), 7 survivors (7168K)
 Metaspace       used 40777K, capacity 41919K, committed 42192K, reserved 1085440K
  class space    used 4967K, capacity 5394K, committed 5504K, reserved 1048576K
}
Event: 3.426 GC heap before
{Heap before GC invocations=9 (full 0):
 garbage-first heap   total 157696K, used 102427K [0x0000000780000000, 0x0000000800000000)
  region size 1024K, 92 young (94208K), 7 survivors (7168K)
 Metaspace       used 46023K, capacity 47289K, committed 47440K, reserved 1091584K
  class space    used 5883K, capacity 6367K, committed 6400K, reserved 1048576K
}
Event: 3.433 GC heap after
{Heap after GC invocations=10 (full 0):
 garbage-first heap   total 157696K, used 17444K [0x0000000780000000, 0x0000000800000000)
  region size 1024K, 7 young (7168K), 7 survivors (7168K)
 Metaspace       used 46023K, capacity 47289K, committed 47440K, reserved 1091584K
  class space    used 5883K, capacity 6367K, committed 6400K, reserved 1048576K
}
Event: 3.995 GC heap before
{Heap before GC invocations=10 (full 0):
 garbage-first heap   total 157696K, used 104484K [0x0000000780000000, 0x0000000800000000)
  region size 1024K, 92 young (94208K), 7 survivors (7168K)
 Metaspace       used 53284K, capacity 54647K, committed 54992K, reserved 1097728K
  class space    used 6734K, capacity 7275K, committed 7296K, reserved 1048576K
}
Event: 4.003 GC heap after
{Heap after GC invocations=11 (full 0):
 garbage-first heap   total 189440K, used 23896K [0x0000000780000000, 0x0000000800000000)
  region size 1024K, 12 young (12288K), 12 survivors (12288K)
 Metaspace       used 53284K, capacity 54647K, committed 54992K, reserved 1097728K
  class space    used 6734K, capacity 7275K, committed 7296K, reserved 1048576K
}
Event: 4.532 GC heap before
{Heap before GC invocations=11 (full 0):
 garbage-first heap   total 189440K, used 125272K [0x0000000780000000, 0x0000000800000000)
  region size 1024K, 111 young (113664K), 12 survivors (12288K)
 Metaspace       used 57120K, capacity 58698K, committed 58960K, reserved 1099776K
  class space    used 7253K, capacity 7874K, committed 7936K, reserved 1048576K
}
Event: 4.543 GC heap after
{Heap after GC invocations=12 (full 0):
 garbage-first heap   total 189440K, used 30251K [0x0000000780000000, 0x0000000800000000)
  region size 1024K, 13 young (13312K), 13 survivors (13312K)
 Metaspace       used 57120K, capacity 58698K, committed 58960K, reserved 1099776K
  class space    used 7253K, capacity 7874K, committed 7936K, reserved 1048576K
}
Event: 4.713 GC heap before
{Heap before GC invocations=12 (full 0):
 garbage-first heap   total 189440K, used 58923K [0x0000000780000000, 0x0000000800000000)
  region size 1024K, 42 young (43008K), 13 survivors (13312K)
 Metaspace       used 58496K, capacity 60081K, committed 60240K, reserved 1101824K
  class space    used 7449K, capacity 8077K, committed 8192K, reserved 1048576K
}
Event: 4.723 GC heap after
{Heap after GC invocations=13 (full 0):
 garbage-first heap   total 189440K, used 31675K [0x0000000780000000, 0x0000000800000000)
  region size 1024K, 8 young (8192K), 8 survivors (8192K)
 Metaspace       used 58496K, capacity 60081K, committed 60240K, reserved 1101824K
  class space    used 7449K, capacity 8077K, committed 8192K, reserved 1048576K
}
Event: 3554.519 GC heap before
{Heap before GC invocations=14 (full 0):
 garbage-first heap   total 189440K, used 137147K [0x0000000780000000, 0x0000000800000000)
  region size 1024K, 111 young (113664K), 8 survivors (8192K)
 Metaspace       used 61218K, capacity 62999K, committed 63184K, reserved 1103872K
  class space    used 7815K, capacity 8521K, committed 8576K, reserved 1048576K
}

